INFO 0 http-bio-8080-exec-9 2022-09-19 14:40:50,591 {dataSource-1} inited 
INFO 0 http-bio-8080-exec-2 2022-09-19 14:43:25,639 {dataSource-1} inited 
INFO 0 http-bio-8080-exec-1 2022-09-19 14:45:36,472 {dataSource-1} inited 
INFO 38 http-bio-8080-exec-1 2022-09-19 14:45:36,510 user21: 调用isUsernameExists方法，判断用户名是否存在 
INFO 1124 http-bio-8080-exec-2 2022-09-19 14:45:37,596 user21: 调用isUsernameExists方法，判断用户名是否存在 
INFO 35070 http-bio-8080-exec-3 2022-09-19 14:46:11,542 user21 注册成功 
INFO 79199 http-bio-8080-exec-6 2022-09-19 14:46:55,671 user21 登录成功 
INFO 79223 http-bio-8080-exec-6 2022-09-19 14:46:55,695 处理首页分页请求 
INFO 79279 http-bio-8080-exec-6 2022-09-19 14:46:55,751 结束处理首页分页请求 
INFO 83715 http-bio-8080-exec-5 2022-09-19 14:47:00,187 处理首页分页请求 
INFO 83731 http-bio-8080-exec-5 2022-09-19 14:47:00,203 结束处理首页分页请求 
INFO 85488 http-bio-8080-exec-9 2022-09-19 14:47:01,960 处理首页分页请求 
INFO 85494 http-bio-8080-exec-9 2022-09-19 14:47:01,966 结束处理首页分页请求 
INFO 522114 http-bio-8080-exec-9 2022-09-19 14:54:18,586 处理首页分页请求 
INFO 522137 http-bio-8080-exec-9 2022-09-19 14:54:18,609 结束处理首页分页请求 
INFO 524258 http-bio-8080-exec-8 2022-09-19 14:54:20,730 处理首页分页请求 
INFO 524272 http-bio-8080-exec-8 2022-09-19 14:54:20,744 结束处理首页分页请求 
INFO 1 http-bio-8080-exec-1 2022-09-19 15:27:05,237 处理首页分页请求 
INFO 526 http-bio-8080-exec-1 2022-09-19 15:27:05,762 {dataSource-1} inited 
INFO 728 http-bio-8080-exec-1 2022-09-19 15:27:05,964 结束处理首页分页请求 
INFO 7811 http-bio-8080-exec-4 2022-09-19 15:27:13,047 admin 登录成功 
INFO 7819 http-bio-8080-exec-5 2022-09-19 15:27:13,055 处理首页分页请求 
INFO 7828 http-bio-8080-exec-5 2022-09-19 15:27:13,064 结束处理首页分页请求 
INFO 14991 http-bio-8080-exec-8 2022-09-19 15:27:20,227 处理首页分页请求 
INFO 14996 http-bio-8080-exec-8 2022-09-19 15:27:20,232 结束处理首页分页请求 
INFO 18181 http-bio-8080-exec-10 2022-09-19 15:27:23,417 处理首页分页请求 
INFO 18187 http-bio-8080-exec-10 2022-09-19 15:27:23,423 结束处理首页分页请求 
INFO 21203 http-bio-8080-exec-10 2022-09-19 15:27:26,439 处理首页分页请求 
INFO 21207 http-bio-8080-exec-10 2022-09-19 15:27:26,443 结束处理首页分页请求 
INFO 23416 http-bio-8080-exec-10 2022-09-19 15:27:28,652 处理首页分页请求 
INFO 23420 http-bio-8080-exec-10 2022-09-19 15:27:28,656 结束处理首页分页请求 
INFO 31495 http-bio-8080-exec-10 2022-09-19 15:27:36,731 处理首页分页请求 
INFO 31501 http-bio-8080-exec-10 2022-09-19 15:27:36,737 结束处理首页分页请求 
INFO 0 http-bio-8080-exec-5 2024-06-24 21:38:09,282 处理首页分页请求 
INFO 238 http-bio-8080-exec-5 2024-06-24 21:38:09,520 {dataSource-1} inited 
INFO 399 http-bio-8080-exec-5 2024-06-24 21:38:09,681 结束处理首页分页请求 
INFO 14205 http-bio-8080-exec-7 2024-06-24 21:38:23,487 处理首页分页请求 
INFO 14219 http-bio-8080-exec-7 2024-06-24 21:38:23,501 结束处理首页分页请求 
INFO 15438 http-bio-8080-exec-2 2024-06-24 21:38:24,720 处理首页分页请求 
INFO 15451 http-bio-8080-exec-2 2024-06-24 21:38:24,733 结束处理首页分页请求 
INFO 17551 http-bio-8080-exec-2 2024-06-24 21:38:26,833 处理首页分页请求 
INFO 17560 http-bio-8080-exec-2 2024-06-24 21:38:26,842 结束处理首页分页请求 
INFO 18428 http-bio-8080-exec-2 2024-06-24 21:38:27,710 处理首页分页请求 
INFO 18443 http-bio-8080-exec-2 2024-06-24 21:38:27,725 结束处理首页分页请求 
INFO 539844 http-bio-8080-exec-8 2024-06-24 21:47:09,126 处理首页分页请求 
INFO 539875 http-bio-8080-exec-8 2024-06-24 21:47:09,157 结束处理首页分页请求 
INFO 541535 http-bio-8080-exec-8 2024-06-24 21:47:10,817 处理首页分页请求 
INFO 541544 http-bio-8080-exec-8 2024-06-24 21:47:10,826 结束处理首页分页请求 
INFO 542972 http-bio-8080-exec-8 2024-06-24 21:47:12,254 处理首页分页请求 
INFO 542982 http-bio-8080-exec-8 2024-06-24 21:47:12,264 结束处理首页分页请求 
INFO 544589 http-bio-8080-exec-8 2024-06-24 21:47:13,871 处理首页分页请求 
INFO 544599 http-bio-8080-exec-8 2024-06-24 21:47:13,881 结束处理首页分页请求 
INFO 567617 http-bio-8080-exec-5 2024-06-24 21:47:36,899 张三: 调用isUsernameExists方法，判断用户名是否存在 
INFO 600288 http-bio-8080-exec-5 2024-06-24 21:48:09,570 张三 注册成功 
INFO 623131 http-bio-8080-exec-5 2024-06-24 21:48:32,413 张三 登录成功 
INFO 623145 http-bio-8080-exec-9 2024-06-24 21:48:32,427 处理首页分页请求 
INFO 623154 http-bio-8080-exec-9 2024-06-24 21:48:32,436 结束处理首页分页请求 
INFO 627356 http-bio-8080-exec-7 2024-06-24 21:48:36,638 张三将 JavaScript从入门到精通 添加到购物车中 
INFO 627360 http-bio-8080-exec-8 2024-06-24 21:48:36,642 处理首页分页请求 
INFO 627366 http-bio-8080-exec-8 2024-06-24 21:48:36,648 结束处理首页分页请求 
INFO 629589 http-bio-8080-exec-8 2024-06-24 21:48:38,871 张三将 马克波罗行记 添加到购物车中 
INFO 629593 http-bio-8080-exec-1 2024-06-24 21:48:38,875 处理首页分页请求 
INFO 629599 http-bio-8080-exec-1 2024-06-24 21:48:38,881 结束处理首页分页请求 
INFO 630099 http-bio-8080-exec-1 2024-06-24 21:48:39,381 张三将 马克波罗行记 添加到购物车中 
INFO 630103 http-bio-8080-exec-1 2024-06-24 21:48:39,385 处理首页分页请求 
INFO 630109 http-bio-8080-exec-1 2024-06-24 21:48:39,391 结束处理首页分页请求 
INFO 630486 http-bio-8080-exec-1 2024-06-24 21:48:39,768 张三将 马克波罗行记 添加到购物车中 
INFO 630490 http-bio-8080-exec-5 2024-06-24 21:48:39,772 处理首页分页请求 
INFO 630495 http-bio-8080-exec-5 2024-06-24 21:48:39,777 结束处理首页分页请求 
INFO 640776 http-bio-8080-exec-5 2024-06-24 21:48:50,058 处理首页分页请求 
INFO 640784 http-bio-8080-exec-5 2024-06-24 21:48:50,066 结束处理首页分页请求 
INFO 645669 http-bio-8080-exec-5 2024-06-24 21:48:54,951 处理首页分页请求 
INFO 645679 http-bio-8080-exec-5 2024-06-24 21:48:54,961 结束处理首页分页请求 
INFO 646795 http-bio-8080-exec-5 2024-06-24 21:48:56,077 张三 退出登录 
INFO 646801 http-bio-8080-exec-5 2024-06-24 21:48:56,083 处理首页分页请求 
INFO 646806 http-bio-8080-exec-5 2024-06-24 21:48:56,088 结束处理首页分页请求 
INFO 654953 http-bio-8080-exec-6 2024-06-24 21:49:04,235 张三 登录成功 
INFO 654966 http-bio-8080-exec-6 2024-06-24 21:49:04,248 处理首页分页请求 
INFO 654972 http-bio-8080-exec-6 2024-06-24 21:49:04,254 结束处理首页分页请求 
